  [1m[35mSQL (0.5ms)[0m  [1m[35mSET search_path TO public /*application='ForgeFitnessApp'*/[0m
  [1m[35m (318.0ms)[0m  [1m[35mCREATE DATABASE "forge_fitness_app_development" ENCODING = 'unicode' /*application='ForgeFitnessApp'*/[0m
  [1m[35mSQL (0.1ms)[0m  [1m[35mSET search_path TO public /*application='ForgeFitnessApp'*/[0m
  [1m[35m (49.1ms)[0m  [1m[35mCREATE DATABASE "forge_fitness_app_test" ENCODING = 'unicode' /*application='ForgeFitnessApp'*/[0m
Started GET "/" for ::1 at 2026-06-19 15:22:03 -0700
  [1m[35m (15.3ms)[0m  [1m[35mCREATE TABLE "schema_migrations" ("version" character varying NOT NULL PRIMARY KEY) /*application='ForgeFitnessApp'*/[0m
  [1m[35m (1.6ms)[0m  [1m[35mCREATE TABLE "ar_internal_metadata" ("key" character varying NOT NULL PRIMARY KEY, "value" character varying, "created_at" timestamp(6) NOT NULL, "updated_at" timestamp(6) NOT NULL) /*application='ForgeFitnessApp'*/[0m
  [1m[36mActiveRecord::SchemaMigration Load (1.1ms)[0m  [1m[34mSELECT "schema_migrations"."version" FROM "schema_migrations" ORDER BY "schema_migrations"."version" ASC /*application='ForgeFitnessApp'*/[0m
Processing by Rails::WelcomeController#index as HTML
  Rendering /Users/cidsinga/.local/share/mise/installs/ruby/3.4.9/lib/ruby/gems/3.4.0/gems/railties-8.1.3/lib/rails/templates/rails/welcome/index.html.erb
  Rendered /Users/cidsinga/.local/share/mise/installs/ruby/3.4.9/lib/ruby/gems/3.4.0/gems/railties-8.1.3/lib/rails/templates/rails/welcome/index.html.erb (Duration: 0.3ms | GC: 0.0ms)
Completed 200 OK in 9ms (Views: 2.6ms | ActiveRecord: 0.0ms (0 queries, 0 cached) | GC: 0.0ms)


  [1m[35m (0.9ms)[0m  [1m[34mSELECT pg_try_advisory_lock(6976097480736536775) /*application='ForgeFitnessApp'*/[0m
  [1m[36mActiveRecord::SchemaMigration Load (1.2ms)[0m  [1m[34mSELECT "schema_migrations"."version" FROM "schema_migrations" ORDER BY "schema_migrations"."version" ASC /*application='ForgeFitnessApp'*/[0m
  [1m[36mActiveRecord::InternalMetadata Load (4.4ms)[0m  [1m[34mSELECT * FROM "ar_internal_metadata" WHERE "ar_internal_metadata"."key" = 'environment' ORDER BY "ar_internal_metadata"."key" ASC LIMIT 1 /*application='ForgeFitnessApp'*/[0m
  [1m[36mActiveRecord::InternalMetadata Create (4.7ms)[0m  [1m[32mINSERT INTO "ar_internal_metadata" ("key", "value", "created_at", "updated_at") VALUES ('environment', 'development', '2026-06-19 22:25:09.290659', '2026-06-19 22:25:09.290660') RETURNING "key" /*application='ForgeFitnessApp'*/[0m
Migrating to CreateWorkouts (20260619222459)
  [1m[36mTRANSACTION (0.1ms)[0m  [1m[35mBEGIN /*application='ForgeFitnessApp'*/[0m
  [1m[35m (13.9ms)[0m  [1m[35mCREATE TABLE "workouts" ("id" bigserial primary key, "date" date, "workout_type" character varying, "raw_notes" text, "created_at" timestamp(6) NOT NULL, "updated_at" timestamp(6) NOT NULL) /*application='ForgeFitnessApp'*/[0m
  [1m[36mActiveRecord::SchemaMigration Create (0.5ms)[0m  [1m[32mINSERT INTO "schema_migrations" ("version") VALUES ('20260619222459') RETURNING "version" /*application='ForgeFitnessApp'*/[0m
  [1m[36mTRANSACTION (0.4ms)[0m  [1m[35mCOMMIT /*application='ForgeFitnessApp'*/[0m
  [1m[35m (0.3ms)[0m  [1m[34mSELECT pg_advisory_unlock(6976097480736536775) /*application='ForgeFitnessApp'*/[0m
  [1m[36mActiveRecord::SchemaMigration Load (0.2ms)[0m  [1m[34mSELECT "schema_migrations"."version" FROM "schema_migrations" ORDER BY "schema_migrations"."version" ASC /*application='ForgeFitnessApp'*/[0m
  [1m[35mSQL (0.1ms)[0m  [1m[35mSET search_path TO public /*application='ForgeFitnessApp'*/[0m
  [1m[35mSQL (0.1ms)[0m  [1m[35mSET search_path TO "$user", public /*application='ForgeFitnessApp'*/[0m
  [1m[35mSQL (0.0ms)[0m  [1m[35mSET search_path TO public /*application='ForgeFitnessApp'*/[0m
  [1m[35mSQL (0.1ms)[0m  [1m[35mSET search_path TO "$user", public /*application='ForgeFitnessApp'*/[0m
Started GET "/workouts" for ::1 at 2026-06-19 15:25:26 -0700
  [1m[36mActiveRecord::SchemaMigration Load (2.5ms)[0m  [1m[34mSELECT "schema_migrations"."version" FROM "schema_migrations" ORDER BY "schema_migrations"."version" ASC /*application='ForgeFitnessApp'*/[0m
Processing by WorkoutsController#index as HTML
  Rendering layout layouts/application.html.erb
  Rendering workouts/index.html.erb within layouts/application
  [1m[36mWorkout Exists? (1.7ms)[0m  [1m[34mSELECT 1 AS one FROM "workouts" LIMIT 1 /*action='index',application='ForgeFitnessApp',controller='workouts'*/[0m
  ↳ app/views/workouts/index.html.erb:15
  Rendered workouts/index.html.erb within layouts/application (Duration: 35.7ms | GC: 0.0ms)
  Rendered layout layouts/application.html.erb (Duration: 38.9ms | GC: 0.0ms)
Completed 200 OK in 62ms (Views: 24.0ms | ActiveRecord: 16.3ms (1 query, 0 cached) | GC: 0.0ms)


  [1m[35m (0.2ms)[0m  [1m[34mSELECT pg_try_advisory_lock(6976097480736536775) /*application='ForgeFitnessApp'*/[0m
  [1m[36mActiveRecord::SchemaMigration Load (1.2ms)[0m  [1m[34mSELECT "schema_migrations"."version" FROM "schema_migrations" ORDER BY "schema_migrations"."version" ASC /*application='ForgeFitnessApp'*/[0m
  [1m[36mActiveRecord::InternalMetadata Load (2.3ms)[0m  [1m[34mSELECT * FROM "ar_internal_metadata" WHERE "ar_internal_metadata"."key" = 'environment' ORDER BY "ar_internal_metadata"."key" ASC LIMIT 1 /*application='ForgeFitnessApp'*/[0m
  [1m[35m (0.1ms)[0m  [1m[34mSELECT pg_advisory_unlock(6976097480736536775) /*application='ForgeFitnessApp'*/[0m
  [1m[36mActiveRecord::SchemaMigration Load (0.1ms)[0m  [1m[34mSELECT "schema_migrations"."version" FROM "schema_migrations" ORDER BY "schema_migrations"."version" ASC /*application='ForgeFitnessApp'*/[0m
  [1m[35mSQL (0.1ms)[0m  [1m[35mSET search_path TO public /*application='ForgeFitnessApp'*/[0m
  [1m[35mSQL (0.1ms)[0m  [1m[35mSET search_path TO "$user", public /*application='ForgeFitnessApp'*/[0m
  [1m[35mSQL (0.1ms)[0m  [1m[35mSET search_path TO public /*application='ForgeFitnessApp'*/[0m
  [1m[35mSQL (0.0ms)[0m  [1m[35mSET search_path TO "$user", public /*application='ForgeFitnessApp'*/[0m
Started GET "/workouts" for ::1 at 2026-06-19 15:31:22 -0700
Processing by WorkoutsController#index as HTML
  Rendering layout layouts/application.html.erb
  Rendering workouts/index.html.erb within layouts/application
  [1m[36mWorkout Exists? (34.9ms)[0m  [1m[34mSELECT 1 AS one FROM "workouts" LIMIT 1 /*action='index',application='ForgeFitnessApp',controller='workouts'*/[0m
  ↳ app/views/workouts/index.html.erb:15
  Rendered workouts/index.html.erb within layouts/application (Duration: 46.7ms | GC: 11.0ms)
  Rendered layout layouts/application.html.erb (Duration: 47.8ms | GC: 11.6ms)
Completed 200 OK in 54ms (Views: 3.1ms | ActiveRecord: 47.4ms (1 query, 0 cached) | GC: 14.8ms)


Started GET "/workouts" for ::1 at 2026-06-19 15:31:25 -0700
Processing by WorkoutsController#index as HTML
  Rendering layout layouts/application.html.erb
  Rendering workouts/index.html.erb within layouts/application
  [1m[36mWorkout Exists? (0.5ms)[0m  [1m[34mSELECT 1 AS one FROM "workouts" LIMIT 1 /*action='index',application='ForgeFitnessApp',controller='workouts'*/[0m
  ↳ app/views/workouts/index.html.erb:15
  Rendered workouts/index.html.erb within layouts/application (Duration: 1.8ms | GC: 0.0ms)
  Rendered layout layouts/application.html.erb (Duration: 2.2ms | GC: 0.0ms)
Completed 200 OK in 3ms (Views: 2.1ms | ActiveRecord: 0.5ms (1 query, 0 cached) | GC: 0.0ms)


Started GET "/workouts/new" for ::1 at 2026-06-19 15:31:27 -0700
Processing by WorkoutsController#new as HTML
  Rendering layout layouts/application.html.erb
  Rendering workouts/new.html.erb within layouts/application
  Rendered workouts/_form.html.erb (Duration: 12.6ms | GC: 0.0ms)
  Rendered workouts/new.html.erb within layouts/application (Duration: 14.6ms | GC: 0.0ms)
  Rendered layout layouts/application.html.erb (Duration: 15.1ms | GC: 0.0ms)
Completed 200 OK in 32ms (Views: 15.8ms | ActiveRecord: 7.2ms (0 queries, 0 cached) | GC: 2.7ms)


Started POST "/workouts" for ::1 at 2026-06-19 15:43:18 -0700
Processing by WorkoutsController#create as HTML
  Parameters: {"authenticity_token" => "[FILTERED]", "workout" => {"date" => "2026-06-13", "workout_type" => "Lower", "raw_notes" => "Raw Notes:\r\nBack Squat\r\n5x3 @ 205\r\n\r\n205 is a good challenge.\r\nNail the technique at this weight.\r\nTraps into bar."}, "commit" => "Create Workout"}
  [1m[36mTRANSACTION (0.1ms)[0m  [1m[35mBEGIN /*action='create',application='ForgeFitnessApp',controller='workouts'*/[0m
  ↳ app/controllers/workouts_controller.rb:27:in 'block in WorkoutsController#create'
  [1m[36mWorkout Create (6.9ms)[0m  [1m[32mINSERT INTO "workouts" ("date", "workout_type", "raw_notes", "created_at", "updated_at") VALUES ('2026-06-13', 'Lower', 'Raw Notes:
Back Squat
5x3 @ 205

205 is a good challenge.
Nail the technique at this weight.
Traps into bar.', '2026-06-19 22:43:18.883186', '2026-06-19 22:43:18.883186') RETURNING "id" /*action='create',application='ForgeFitnessApp',controller='workouts'*/[0m
  ↳ app/controllers/workouts_controller.rb:27:in 'block in WorkoutsController#create'
  [1m[36mTRANSACTION (1.7ms)[0m  [1m[35mCOMMIT /*action='create',application='ForgeFitnessApp',controller='workouts'*/[0m
  ↳ app/controllers/workouts_controller.rb:27:in 'block in WorkoutsController#create'
Redirected to http://localhost:3000/workouts/1
↳ app/controllers/workouts_controller.rb:28:in 'block (2 levels) in WorkoutsController#create'
Completed 302 Found in 89ms (ActiveRecord: 43.4ms (1 query, 0 cached) | GC: 0.4ms)


Started GET "/workouts/1" for ::1 at 2026-06-19 15:43:18 -0700
Processing by WorkoutsController#show as HTML
  Parameters: {"id" => "1"}
  [1m[36mWorkout Load (1.1ms)[0m  [1m[34mSELECT "workouts".* FROM "workouts" WHERE "workouts"."id" = 1 LIMIT 1 /*action='show',application='ForgeFitnessApp',controller='workouts'*/[0m
  ↳ app/controllers/workouts_controller.rb:63:in 'WorkoutsController#set_workout'
  Rendering layout layouts/application.html.erb
  Rendering workouts/show.html.erb within layouts/application
  Rendered workouts/_workout.html.erb (Duration: 0.3ms | GC: 0.0ms)
  Rendered workouts/show.html.erb within layouts/application (Duration: 2.5ms | GC: 0.0ms)
  Rendered layout layouts/application.html.erb (Duration: 2.8ms | GC: 0.0ms)
Completed 200 OK in 8ms (Views: 3.0ms | ActiveRecord: 1.1ms (1 query, 0 cached) | GC: 0.6ms)


Started GET "/" for ::1 at 2026-06-19 15:46:24 -0700
  [1m[36mActiveRecord::SchemaMigration Load (2.8ms)[0m  [1m[34mSELECT "schema_migrations"."version" FROM "schema_migrations" ORDER BY "schema_migrations"."version" ASC /*application='ForgeFitnessApp'*/[0m
Processing by WorkoutsController#index as HTML
  Rendering layout layouts/application.html.erb
  Rendering workouts/index.html.erb within layouts/application
  [1m[36mWorkout Exists? (0.2ms)[0m  [1m[34mSELECT 1 AS one FROM "workouts" LIMIT 1 /*action='index',application='ForgeFitnessApp',controller='workouts'*/[0m
  ↳ app/views/workouts/index.html.erb:15
  [1m[36mWorkout Load (0.1ms)[0m  [1m[34mSELECT "workouts".* FROM "workouts" /*action='index',application='ForgeFitnessApp',controller='workouts'*/[0m
  ↳ app/views/workouts/index.html.erb:16
  Rendered workouts/_workout.html.erb (Duration: 0.1ms | GC: 0.0ms)
  Rendered workouts/index.html.erb within layouts/application (Duration: 41.0ms | GC: 0.0ms)
  Rendered layout layouts/application.html.erb (Duration: 43.8ms | GC: 0.0ms)
Completed 200 OK in 54ms (Views: 26.1ms | ActiveRecord: 19.3ms (2 queries, 0 cached) | GC: 0.3ms)


Started GET "/" for ::1 at 2026-06-19 15:51:04 -0700
  [1m[36mActiveRecord::SchemaMigration Load (1.6ms)[0m  [1m[34mSELECT "schema_migrations"."version" FROM "schema_migrations" ORDER BY "schema_migrations"."version" ASC /*application='ForgeFitnessApp'*/[0m
Processing by WorkoutsController#index as HTML
  Rendering layout layouts/application.html.erb
  Rendering workouts/index.html.erb within layouts/application
  [1m[36mWorkout Exists? (0.6ms)[0m  [1m[34mSELECT 1 AS one FROM "workouts" LIMIT 1 /*action='index',application='ForgeFitnessApp',controller='workouts'*/[0m
  ↳ app/views/workouts/index.html.erb:15
  [1m[36mWorkout Load (0.2ms)[0m  [1m[34mSELECT "workouts".* FROM "workouts" /*action='index',application='ForgeFitnessApp',controller='workouts'*/[0m
  ↳ app/views/workouts/index.html.erb:16
  Rendered workouts/_workout.html.erb (Duration: 0.5ms | GC: 0.0ms)
  Rendered workouts/index.html.erb within layouts/application (Duration: 39.0ms | GC: 0.0ms)
  Rendered layout layouts/application.html.erb (Duration: 41.6ms | GC: 0.0ms)
Completed 200 OK in 51ms (Views: 21.2ms | ActiveRecord: 21.9ms (2 queries, 0 cached) | GC: 0.4ms)


Started GET "/" for ::1 at 2026-06-19 15:53:19 -0700
Processing by WorkoutsController#index as HTML
  Rendering layout layouts/application.html.erb
  Rendering workouts/index.html.erb within layouts/application
  [1m[36mWorkout Exists? (0.3ms)[0m  [1m[34mSELECT 1 AS one FROM "workouts" LIMIT 1 /*action='index',application='ForgeFitnessApp',controller='workouts'*/[0m
  ↳ app/views/workouts/index.html.erb:27
  [1m[36mWorkout Load (3.1ms)[0m  [1m[34mSELECT "workouts".* FROM "workouts" ORDER BY "workouts"."date" DESC, "workouts"."created_at" DESC /*action='index',application='ForgeFitnessApp',controller='workouts'*/[0m
  ↳ app/views/workouts/index.html.erb:29
  Rendered workouts/index.html.erb within layouts/application (Duration: 15.9ms | GC: 0.0ms)
  Rendered layout layouts/application.html.erb (Duration: 17.4ms | GC: 0.0ms)
Completed 200 OK in 21ms (Views: 5.9ms | ActiveRecord: 12.8ms (2 queries, 0 cached) | GC: 0.0ms)


Started GET "/favicon.ico" for ::1 at 2026-06-19 15:53:19 -0700
  
ActionController::RoutingError (No route matches [GET] "/favicon.ico"):
  
Started GET "/" for ::1 at 2026-06-19 20:04:46 -0700
Processing by WorkoutsController#index as HTML
  Rendering layout layouts/application.html.erb
  Rendering workouts/index.html.erb within layouts/application
  [1m[36mWorkout Exists? (61.5ms)[0m  [1m[34mSELECT 1 AS one FROM "workouts" LIMIT 1 /*action='index',application='ForgeFitnessApp',controller='workouts'*/[0m
  ↳ app/views/workouts/index.html.erb:27
  [1m[36mWorkout Load (1.8ms)[0m  [1m[34mSELECT "workouts".* FROM "workouts" ORDER BY "workouts"."date" DESC, "workouts"."created_at" DESC /*action='index',application='ForgeFitnessApp',controller='workouts'*/[0m
  ↳ app/views/workouts/index.html.erb:29
  Rendered workouts/index.html.erb within layouts/application (Duration: 68.9ms | GC: 0.0ms)
  Rendered layout layouts/application.html.erb (Duration: 75.7ms | GC: 0.1ms)
Completed 200 OK in 79ms (Views: -21.4ms | ActiveRecord: 98.4ms (2 queries, 0 cached) | GC: 0.2ms)


Started GET "/favicon.ico" for ::1 at 2026-06-19 20:04:46 -0700
  
ActionController::RoutingError (No route matches [GET] "/favicon.ico"):
  
Started GET "/" for ::1 at 2026-06-19 20:04:50 -0700
Processing by WorkoutsController#index as HTML
  Rendering layout layouts/application.html.erb
  Rendering workouts/index.html.erb within layouts/application
  [1m[36mWorkout Exists? (0.5ms)[0m  [1m[34mSELECT 1 AS one FROM "workouts" LIMIT 1 /*action='index',application='ForgeFitnessApp',controller='workouts'*/[0m
  ↳ app/views/workouts/index.html.erb:27
  [1m[36mWorkout Load (0.3ms)[0m  [1m[34mSELECT "workouts".* FROM "workouts" ORDER BY "workouts"."date" DESC, "workouts"."created_at" DESC /*action='index',application='ForgeFitnessApp',controller='workouts'*/[0m
  ↳ app/views/workouts/index.html.erb:29
  Rendered workouts/index.html.erb within layouts/application (Duration: 2.9ms | GC: 0.0ms)
  Rendered layout layouts/application.html.erb (Duration: 4.2ms | GC: 0.0ms)
Completed 200 OK in 6ms (Views: 3.8ms | ActiveRecord: 0.8ms (2 queries, 0 cached) | GC: 0.0ms)


Started GET "/workouts/new" for ::1 at 2026-06-19 20:04:53 -0700
Processing by WorkoutsController#new as HTML
  Rendering layout layouts/application.html.erb
  Rendering workouts/new.html.erb within layouts/application
  Rendered workouts/_form.html.erb (Duration: 7.3ms | GC: 0.8ms)
  Rendered workouts/new.html.erb within layouts/application (Duration: 8.6ms | GC: 0.8ms)
  Rendered layout layouts/application.html.erb (Duration: 9.5ms | GC: 0.8ms)
Completed 200 OK in 11ms (Views: 10.0ms | ActiveRecord: 0.0ms (0 queries, 0 cached) | GC: 0.8ms)


Started GET "/.well-known/appspecific/com.chrome.devtools.json" for ::1 at 2026-06-19 20:21:30 -0700
  
ActionController::RoutingError (No route matches [GET] "/.well-known/appspecific/com.chrome.devtools.json"):
  
Started GET "/workouts/new" for ::1 at 2026-06-19 20:54:28 -0700
Processing by WorkoutsController#new as HTML
  Rendering layout layouts/application.html.erb
  Rendering workouts/new.html.erb within layouts/application
  Rendered workouts/_form.html.erb (Duration: 7.7ms | GC: 0.0ms)
  Rendered workouts/new.html.erb within layouts/application (Duration: 8.8ms | GC: 0.0ms)
  Rendered layout layouts/application.html.erb (Duration: 11.6ms | GC: 1.1ms)
Completed 200 OK in 31ms (Views: 12.8ms | ActiveRecord: 0.0ms (0 queries, 0 cached) | GC: 10.1ms)


Started GET "/favicon.ico" for ::1 at 2026-06-19 20:54:28 -0700
  
ActionController::RoutingError (No route matches [GET] "/favicon.ico"):
  
Started GET "/workouts/new" for ::1 at 2026-06-19 20:57:06 -0700
Processing by WorkoutsController#new as HTML
  Rendering layout layouts/application.html.erb
  Rendering workouts/new.html.erb within layouts/application
  Rendered workouts/_form.html.erb (Duration: 1.4ms | GC: 0.0ms)
  Rendered workouts/new.html.erb within layouts/application (Duration: 2.2ms | GC: 0.0ms)
  Rendered layout layouts/application.html.erb (Duration: 2.8ms | GC: 0.0ms)
Completed 200 OK in 8ms (Views: 4.5ms | ActiveRecord: 0.0ms (0 queries, 0 cached) | GC: 0.0ms)


Started GET "/favicon.ico" for ::1 at 2026-06-19 20:57:06 -0700
  
ActionController::RoutingError (No route matches [GET] "/favicon.ico"):
  
Started POST "/workouts" for ::1 at 2026-06-19 20:58:51 -0700
Processing by WorkoutsController#create as HTML
  Parameters: {"authenticity_token" => "[FILTERED]", "workout" => {"date" => "2026-06-19", "workout_type" => "Lower", "raw_notes" => "#sumoDeadlift\r\n5rep max set 275lbs"}, "commit" => "Create Workout"}
  [1m[36mTRANSACTION (0.2ms)[0m  [1m[35mBEGIN /*action='create',application='ForgeFitnessApp',controller='workouts'*/[0m
  ↳ app/controllers/workouts_controller.rb:32:in 'block in WorkoutsController#create'
  [1m[36mWorkout Create (7.2ms)[0m  [1m[32mINSERT INTO "workouts" ("date", "workout_type", "raw_notes", "created_at", "updated_at") VALUES ('2026-06-19', 'Lower', '#sumoDeadlift
5rep max set 275lbs', '2026-06-20 03:58:51.443220', '2026-06-20 03:58:51.443220') RETURNING "id" /*action='create',application='ForgeFitnessApp',controller='workouts'*/[0m
  ↳ app/controllers/workouts_controller.rb:32:in 'block in WorkoutsController#create'
  [1m[36mTRANSACTION (2.1ms)[0m  [1m[35mCOMMIT /*action='create',application='ForgeFitnessApp',controller='workouts'*/[0m
  ↳ app/controllers/workouts_controller.rb:32:in 'block in WorkoutsController#create'
Redirected to http://localhost:3000/workouts/2
↳ app/controllers/workouts_controller.rb:33:in 'block (2 levels) in WorkoutsController#create'
Completed 302 Found in 77ms (ActiveRecord: 37.1ms (1 query, 0 cached) | GC: 0.0ms)


Started GET "/workouts/2" for ::1 at 2026-06-19 20:58:51 -0700
Processing by WorkoutsController#show as HTML
  Parameters: {"id" => "2"}
  [1m[36mWorkout Load (1.1ms)[0m  [1m[34mSELECT "workouts".* FROM "workouts" WHERE "workouts"."id" = 2 LIMIT 1 /*action='show',application='ForgeFitnessApp',controller='workouts'*/[0m
  ↳ app/controllers/workouts_controller.rb:68:in 'WorkoutsController#set_workout'
  Rendering layout layouts/application.html.erb
  Rendering workouts/show.html.erb within layouts/application
  Rendered workouts/show.html.erb within layouts/application (Duration: 1.5ms | GC: 0.0ms)
  Rendered layout layouts/application.html.erb (Duration: 2.3ms | GC: 0.0ms)
Completed 200 OK in 10ms (Views: 2.9ms | ActiveRecord: 1.1ms (1 query, 0 cached) | GC: 0.0ms)


Started GET "/workouts/2/edit" for ::1 at 2026-06-19 21:01:34 -0700
Processing by WorkoutsController#edit as HTML
  Parameters: {"id" => "2"}
  [1m[36mWorkout Load (2.4ms)[0m  [1m[34mSELECT "workouts".* FROM "workouts" WHERE "workouts"."id" = 2 LIMIT 1 /*action='edit',application='ForgeFitnessApp',controller='workouts'*/[0m
  ↳ app/controllers/workouts_controller.rb:68:in 'WorkoutsController#set_workout'
  Rendering layout layouts/application.html.erb
  Rendering workouts/edit.html.erb within layouts/application
  Rendered workouts/_form.html.erb (Duration: 2.8ms | GC: 0.0ms)
  Rendered workouts/edit.html.erb within layouts/application (Duration: 4.7ms | GC: 0.0ms)
  Rendered layout layouts/application.html.erb (Duration: 6.0ms | GC: 0.0ms)
Completed 200 OK in 15ms (Views: 7.5ms | ActiveRecord: 2.4ms (1 query, 0 cached) | GC: 0.0ms)


Started GET "/workouts" for ::1 at 2026-06-19 21:05:09 -0700
Processing by WorkoutsController#index as HTML
  Rendering layout layouts/application.html.erb
  Rendering workouts/index.html.erb within layouts/application
  [1m[36mWorkout Exists? (0.2ms)[0m  [1m[34mSELECT 1 AS one FROM "workouts" LIMIT 1 /*action='index',application='ForgeFitnessApp',controller='workouts'*/[0m
  ↳ app/views/workouts/index.html.erb:27
  [1m[36mWorkout Load (1.3ms)[0m  [1m[34mSELECT "workouts".* FROM "workouts" ORDER BY "workouts"."date" DESC, "workouts"."created_at" DESC /*action='index',application='ForgeFitnessApp',controller='workouts'*/[0m
  ↳ app/views/workouts/index.html.erb:29
  Rendered workouts/index.html.erb within layouts/application (Duration: 29.5ms | GC: 0.0ms)
  Rendered layout layouts/application.html.erb (Duration: 31.2ms | GC: 0.7ms)
Completed 200 OK in 35ms (Views: 6.6ms | ActiveRecord: 25.9ms (2 queries, 0 cached) | GC: 1.6ms)


Started GET "/workouts/new" for ::1 at 2026-06-19 21:05:13 -0700
Processing by WorkoutsController#new as HTML
  Rendering layout layouts/application.html.erb
  Rendering workouts/new.html.erb within layouts/application
  Rendered workouts/_form.html.erb (Duration: 3.0ms | GC: 0.8ms)
  Rendered workouts/new.html.erb within layouts/application (Duration: 4.2ms | GC: 0.8ms)
  Rendered layout layouts/application.html.erb (Duration: 5.1ms | GC: 0.8ms)
Completed 200 OK in 8ms (Views: 5.7ms | ActiveRecord: 0.0ms (0 queries, 0 cached) | GC: 0.8ms)


  [1m[36mActiveRecord::SchemaMigration Load (4.8ms)[0m  [1m[34mSELECT "schema_migrations"."version" FROM "schema_migrations" ORDER BY "schema_migrations"."version" ASC /*application='ForgeFitnessApp'*/[0m
  [1m[36mWorkout Load (2.9ms)[0m  [1m[34mSELECT "workouts".* FROM "workouts" /*application='ForgeFitnessApp'*/[0m
  [1m[36mTRANSACTION (0.1ms)[0m  [1m[35mBEGIN /*application='ForgeFitnessApp'*/[0m
  [1m[36mWorkout Destroy (3.3ms)[0m  [1m[31mDELETE FROM "workouts" WHERE "workouts"."id" = 1 /*application='ForgeFitnessApp'*/[0m
  [1m[36mTRANSACTION (1.3ms)[0m  [1m[35mCOMMIT /*application='ForgeFitnessApp'*/[0m
  [1m[36mTRANSACTION (0.1ms)[0m  [1m[35mBEGIN /*application='ForgeFitnessApp'*/[0m
  [1m[36mWorkout Destroy (0.7ms)[0m  [1m[31mDELETE FROM "workouts" WHERE "workouts"."id" = 2 /*application='ForgeFitnessApp'*/[0m
  [1m[36mTRANSACTION (0.2ms)[0m  [1m[35mCOMMIT /*application='ForgeFitnessApp'*/[0m
  [1m[36mTRANSACTION (0.0ms)[0m  [1m[35mBEGIN /*application='ForgeFitnessApp'*/[0m
  [1m[36mWorkout Create (1.9ms)[0m  [1m[32mINSERT INTO "workouts" ("date", "workout_type", "raw_notes", "created_at", "updated_at") VALUES ('2026-05-09', 'Lower', '#BackSquat
3x5 @ 185

That was a tough-ish weight when going appropriately low.
', '2026-06-20 15:40:30.327329', '2026-06-20 15:40:30.327329') RETURNING "id" /*application='ForgeFitnessApp'*/[0m
  [1m[36mTRANSACTION (0.1ms)[0m  [1m[35mCOMMIT /*application='ForgeFitnessApp'*/[0m
  [1m[36mTRANSACTION (0.0ms)[0m  [1m[35mBEGIN /*application='ForgeFitnessApp'*/[0m
  [1m[36mWorkout Create (0.7ms)[0m  [1m[32mINSERT INTO "workouts" ("date", "workout_type", "raw_notes", "created_at", "updated_at") VALUES ('2026-05-15', 'Lower', '#BackSquat
5x3 @ 195

Toughish weight. Especially at the last set or two.
', '2026-06-20 15:40:30.330310', '2026-06-20 15:40:30.330310') RETURNING "id" /*application='ForgeFitnessApp'*/[0m
  [1m[36mTRANSACTION (0.2ms)[0m  [1m[35mCOMMIT /*application='ForgeFitnessApp'*/[0m
  [1m[36mTRANSACTION (0.1ms)[0m  [1m[35mBEGIN /*application='ForgeFitnessApp'*/[0m
  [1m[36mWorkout Create (0.7ms)[0m  [1m[32mINSERT INTO "workouts" ("date", "workout_type", "raw_notes", "created_at", "updated_at") VALUES ('2026-06-02', 'Lower', '#BackSquat
6x3 @ 195

Good weight. Maybe bump it up next time.
When you think you''re in the bottom... keep going lol.
Did an extra set to implement some advice from chat.
', '2026-06-20 15:40:30.331966', '2026-06-20 15:40:30.331966') RETURNING "id" /*application='ForgeFitnessApp'*/[0m
  [1m[36mTRANSACTION (0.1ms)[0m  [1m[35mCOMMIT /*application='ForgeFitnessApp'*/[0m
  [1m[36mTRANSACTION (0.0ms)[0m  [1m[35mBEGIN /*application='ForgeFitnessApp'*/[0m
  [1m[36mWorkout Create (0.6ms)[0m  [1m[32mINSERT INTO "workouts" ("date", "workout_type", "raw_notes", "created_at", "updated_at") VALUES ('2026-06-13', 'Lower', '#BackSquat
5x3 @ 205

205 is a good challenge.
Nail the technique at this weight.
Cue: traps into bar.

#RDL
3x10 @ 175

Garage session was around 45-55 minutes.
Warmed up with air squats, step-ups, hip circles, and Asian squat.
', '2026-06-20 15:40:30.333542', '2026-06-20 15:40:30.333542') RETURNING "id" /*application='ForgeFitnessApp'*/[0m
  [1m[36mTRANSACTION (0.1ms)[0m  [1m[35mCOMMIT /*application='ForgeFitnessApp'*/[0m
  [1m[36mTRANSACTION (0.0ms)[0m  [1m[35mBEGIN /*application='ForgeFitnessApp'*/[0m
  [1m[36mWorkout Create (0.6ms)[0m  [1m[32mINSERT INTO "workouts" ("date", "workout_type", "raw_notes", "created_at", "updated_at") VALUES ('2026-06-18', 'Upper', '#BenchPress
3x8 @ 145

Working weight feels appropriate.
Hold here until all reps are clean.

#BentOverRow
3x8 @ 145

Same working weight as bench.
Reduced reps to manage grip fatigue.

#LateralRaise
2x12 @ 15
', '2026-06-20 15:40:30.335017', '2026-06-20 15:40:30.335017') RETURNING "id" /*application='ForgeFitnessApp'*/[0m
  [1m[36mTRANSACTION (0.1ms)[0m  [1m[35mCOMMIT /*application='ForgeFitnessApp'*/[0m
Started GET "/workouts/new" for ::1 at 2026-06-20 08:41:52 -0700
Processing by WorkoutsController#new as HTML
  Rendering layout layouts/application.html.erb
  Rendering workouts/new.html.erb within layouts/application
  Rendered workouts/_form.html.erb (Duration: 3.6ms | GC: 0.0ms)
  Rendered workouts/new.html.erb within layouts/application (Duration: 5.1ms | GC: 0.0ms)
  Rendered layout layouts/application.html.erb (Duration: 6.7ms | GC: 0.0ms)
Completed 200 OK in 12ms (Views: 7.9ms | ActiveRecord: 0.0ms (0 queries, 0 cached) | GC: 0.0ms)


Started GET "/workouts/new" for ::1 at 2026-06-20 08:41:53 -0700
Processing by WorkoutsController#new as HTML
  Rendering layout layouts/application.html.erb
  Rendering workouts/new.html.erb within layouts/application
  Rendered workouts/_form.html.erb (Duration: 1.5ms | GC: 0.3ms)
  Rendered workouts/new.html.erb within layouts/application (Duration: 1.8ms | GC: 0.3ms)
  Rendered layout layouts/application.html.erb (Duration: 2.6ms | GC: 0.3ms)
Completed 200 OK in 4ms (Views: 3.2ms | ActiveRecord: 0.0ms (0 queries, 0 cached) | GC: 0.3ms)


Started GET "/favicon.ico" for ::1 at 2026-06-20 08:41:53 -0700
  
ActionController::RoutingError (No route matches [GET] "/favicon.ico"):
  
Started GET "/workouts" for ::1 at 2026-06-20 08:41:54 -0700
Processing by WorkoutsController#index as HTML
  Rendering layout layouts/application.html.erb
  Rendering workouts/index.html.erb within layouts/application
  [1m[36mWorkout Exists? (56.0ms)[0m  [1m[34mSELECT 1 AS one FROM "workouts" LIMIT 1 /*action='index',application='ForgeFitnessApp',controller='workouts'*/[0m
  ↳ app/views/workouts/index.html.erb:27
  [1m[36mWorkout Load (2.8ms)[0m  [1m[34mSELECT "workouts".* FROM "workouts" ORDER BY "workouts"."date" DESC, "workouts"."created_at" DESC /*action='index',application='ForgeFitnessApp',controller='workouts'*/[0m
  ↳ app/views/workouts/index.html.erb:29
  Rendered workouts/index.html.erb within layouts/application (Duration: 63.0ms | GC: 0.0ms)
  Rendered layout layouts/application.html.erb (Duration: 64.1ms | GC: 0.0ms)
Completed 200 OK in 66ms (Views: -10.2ms | ActiveRecord: 74.7ms (2 queries, 0 cached) | GC: 0.0ms)


Started GET "/.well-known/appspecific/com.chrome.devtools.json" for ::1 at 2026-06-20 08:42:03 -0700
  
ActionController::RoutingError (No route matches [GET] "/.well-known/appspecific/com.chrome.devtools.json"):
  
Started GET "/workouts/7" for ::1 at 2026-06-20 08:42:15 -0700
Processing by WorkoutsController#show as HTML
  Parameters: {"id" => "7"}
  [1m[36mWorkout Load (1.7ms)[0m  [1m[34mSELECT "workouts".* FROM "workouts" WHERE "workouts"."id" = 7 LIMIT 1 /*action='show',application='ForgeFitnessApp',controller='workouts'*/[0m
  ↳ app/controllers/workouts_controller.rb:68:in 'WorkoutsController#set_workout'
  Rendering layout layouts/application.html.erb
  Rendering workouts/show.html.erb within layouts/application
  Rendered workouts/show.html.erb within layouts/application (Duration: 1.3ms | GC: 0.0ms)
  Rendered layout layouts/application.html.erb (Duration: 2.2ms | GC: 0.0ms)
Completed 200 OK in 9ms (Views: 2.6ms | ActiveRecord: 1.7ms (1 query, 0 cached) | GC: 0.0ms)


Started GET "/.well-known/appspecific/com.chrome.devtools.json" for ::1 at 2026-06-20 08:42:15 -0700
  
ActionController::RoutingError (No route matches [GET] "/.well-known/appspecific/com.chrome.devtools.json"):
  
Started GET "/workouts" for ::1 at 2026-06-20 08:42:22 -0700
Processing by WorkoutsController#index as HTML
  Rendering layout layouts/application.html.erb
  Rendering workouts/index.html.erb within layouts/application
  [1m[36mWorkout Exists? (0.5ms)[0m  [1m[34mSELECT 1 AS one FROM "workouts" LIMIT 1 /*action='index',application='ForgeFitnessApp',controller='workouts'*/[0m
  ↳ app/views/workouts/index.html.erb:27
  [1m[36mWorkout Load (0.4ms)[0m  [1m[34mSELECT "workouts".* FROM "workouts" ORDER BY "workouts"."date" DESC, "workouts"."created_at" DESC /*action='index',application='ForgeFitnessApp',controller='workouts'*/[0m
  ↳ app/views/workouts/index.html.erb:29
  Rendered workouts/index.html.erb within layouts/application (Duration: 3.4ms | GC: 0.0ms)
  Rendered layout layouts/application.html.erb (Duration: 4.6ms | GC: 0.0ms)
Completed 200 OK in 7ms (Views: 4.6ms | ActiveRecord: 0.8ms (2 queries, 0 cached) | GC: 0.2ms)


Started GET "/workouts" for ::1 at 2026-06-20 08:42:27 -0700
Processing by WorkoutsController#index as HTML
  Rendering layout layouts/application.html.erb
  Rendering workouts/index.html.erb within layouts/application
  [1m[36mWorkout Exists? (0.5ms)[0m  [1m[34mSELECT 1 AS one FROM "workouts" LIMIT 1 /*action='index',application='ForgeFitnessApp',controller='workouts'*/[0m
  ↳ app/views/workouts/index.html.erb:27
  [1m[36mWorkout Load (0.9ms)[0m  [1m[34mSELECT "workouts".* FROM "workouts" ORDER BY "workouts"."date" DESC, "workouts"."created_at" DESC /*action='index',application='ForgeFitnessApp',controller='workouts'*/[0m
  ↳ app/views/workouts/index.html.erb:29
  Rendered workouts/index.html.erb within layouts/application (Duration: 4.2ms | GC: 0.0ms)
  Rendered layout layouts/application.html.erb (Duration: 6.9ms | GC: 0.2ms)
Completed 200 OK in 9ms (Views: 6.2ms | ActiveRecord: 1.3ms (2 queries, 0 cached) | GC: 0.2ms)


Started GET "/" for ::1 at 2026-06-20 08:42:28 -0700
Processing by WorkoutsController#index as HTML
  Rendering layout layouts/application.html.erb
  Rendering workouts/index.html.erb within layouts/application
  [1m[36mWorkout Exists? (0.4ms)[0m  [1m[34mSELECT 1 AS one FROM "workouts" LIMIT 1 /*action='index',application='ForgeFitnessApp',controller='workouts'*/[0m
  ↳ app/views/workouts/index.html.erb:27
  [1m[36mWorkout Load (0.4ms)[0m  [1m[34mSELECT "workouts".* FROM "workouts" ORDER BY "workouts"."date" DESC, "workouts"."created_at" DESC /*action='index',application='ForgeFitnessApp',controller='workouts'*/[0m
  ↳ app/views/workouts/index.html.erb:29
  Rendered workouts/index.html.erb within layouts/application (Duration: 3.9ms | GC: 0.0ms)
  Rendered layout layouts/application.html.erb (Duration: 6.2ms | GC: 0.3ms)
Completed 200 OK in 8ms (Views: 6.0ms | ActiveRecord: 0.8ms (2 queries, 0 cached) | GC: 0.3ms)


Started GET "/workouts" for ::1 at 2026-06-20 08:42:30 -0700
Processing by WorkoutsController#index as HTML
  Rendering layout layouts/application.html.erb
  Rendering workouts/index.html.erb within layouts/application
  [1m[36mWorkout Exists? (0.4ms)[0m  [1m[34mSELECT 1 AS one FROM "workouts" LIMIT 1 /*action='index',application='ForgeFitnessApp',controller='workouts'*/[0m
  ↳ app/views/workouts/index.html.erb:27
  [1m[36mWorkout Load (0.5ms)[0m  [1m[34mSELECT "workouts".* FROM "workouts" ORDER BY "workouts"."date" DESC, "workouts"."created_at" DESC /*action='index',application='ForgeFitnessApp',controller='workouts'*/[0m
  ↳ app/views/workouts/index.html.erb:29
  Rendered workouts/index.html.erb within layouts/application (Duration: 3.9ms | GC: 0.0ms)
  Rendered layout layouts/application.html.erb (Duration: 5.6ms | GC: 0.3ms)
Completed 200 OK in 7ms (Views: 5.2ms | ActiveRecord: 0.9ms (2 queries, 0 cached) | GC: 0.3ms)


Started GET "/workouts/7" for ::1 at 2026-06-20 08:42:51 -0700
Processing by WorkoutsController#show as HTML
  Parameters: {"id" => "7"}
  [1m[36mWorkout Load (0.5ms)[0m  [1m[34mSELECT "workouts".* FROM "workouts" WHERE "workouts"."id" = 7 LIMIT 1 /*action='show',application='ForgeFitnessApp',controller='workouts'*/[0m
  ↳ app/controllers/workouts_controller.rb:68:in 'WorkoutsController#set_workout'
  Rendering layout layouts/application.html.erb
  Rendering workouts/show.html.erb within layouts/application
  Rendered workouts/show.html.erb within layouts/application (Duration: 0.8ms | GC: 0.0ms)
  Rendered layout layouts/application.html.erb (Duration: 1.6ms | GC: 0.0ms)
Completed 200 OK in 5ms (Views: 2.1ms | ActiveRecord: 0.5ms (1 query, 0 cached) | GC: 0.0ms)


Started GET "/workouts" for ::1 at 2026-06-20 08:43:33 -0700
Processing by WorkoutsController#index as HTML
  Rendering layout layouts/application.html.erb
  Rendering workouts/index.html.erb within layouts/application
  [1m[36mWorkout Exists? (128.2ms)[0m  [1m[34mSELECT 1 AS one FROM "workouts" LIMIT 1 /*action='index',application='ForgeFitnessApp',controller='workouts'*/[0m
  ↳ app/views/workouts/index.html.erb:27
  [1m[36mWorkout Load (0.6ms)[0m  [1m[34mSELECT "workouts".* FROM "workouts" ORDER BY "workouts"."date" DESC, "workouts"."created_at" DESC /*action='index',application='ForgeFitnessApp',controller='workouts'*/[0m
  ↳ app/views/workouts/index.html.erb:29
  Rendered workouts/index.html.erb within layouts/application (Duration: 134.1ms | GC: 0.0ms)
  Rendered layout layouts/application.html.erb (Duration: 135.6ms | GC: 0.0ms)
Completed 200 OK in 138ms (Views: 7.5ms | ActiveRecord: 128.8ms (2 queries, 0 cached) | GC: 0.0ms)


Started GET "/workouts/new" for ::1 at 2026-06-20 08:43:36 -0700
Processing by WorkoutsController#new as HTML
  Rendering layout layouts/application.html.erb
  Rendering workouts/new.html.erb within layouts/application
  Rendered workouts/_form.html.erb (Duration: 2.0ms | GC: 0.0ms)
  Rendered workouts/new.html.erb within layouts/application (Duration: 2.9ms | GC: 0.4ms)
  Rendered layout layouts/application.html.erb (Duration: 4.3ms | GC: 0.4ms)
Completed 200 OK in 6ms (Views: 4.8ms | ActiveRecord: 0.0ms (0 queries, 0 cached) | GC: 0.4ms)


Started GET "/workouts" for ::1 at 2026-06-20 08:43:54 -0700
Processing by WorkoutsController#index as HTML
  Rendering layout layouts/application.html.erb
  Rendering workouts/index.html.erb within layouts/application
  [1m[36mWorkout Exists? (0.7ms)[0m  [1m[34mSELECT 1 AS one FROM "workouts" LIMIT 1 /*action='index',application='ForgeFitnessApp',controller='workouts'*/[0m
  ↳ app/views/workouts/index.html.erb:27
  [1m[36mWorkout Load (0.4ms)[0m  [1m[34mSELECT "workouts".* FROM "workouts" ORDER BY "workouts"."date" DESC, "workouts"."created_at" DESC /*action='index',application='ForgeFitnessApp',controller='workouts'*/[0m
  ↳ app/views/workouts/index.html.erb:29
  Rendered workouts/index.html.erb within layouts/application (Duration: 4.2ms | GC: 0.0ms)
  Rendered layout layouts/application.html.erb (Duration: 5.3ms | GC: 0.0ms)
Completed 200 OK in 7ms (Views: 4.6ms | ActiveRecord: 1.1ms (2 queries, 0 cached) | GC: 0.0ms)


  [1m[35m (0.5ms)[0m  [1m[34mSELECT pg_try_advisory_lock(6976097480736536775) /*application='ForgeFitnessApp'*/[0m
  [1m[36mActiveRecord::SchemaMigration Load (1.4ms)[0m  [1m[34mSELECT "schema_migrations"."version" FROM "schema_migrations" ORDER BY "schema_migrations"."version" ASC /*application='ForgeFitnessApp'*/[0m
  [1m[36mActiveRecord::InternalMetadata Load (1.7ms)[0m  [1m[34mSELECT * FROM "ar_internal_metadata" WHERE "ar_internal_metadata"."key" = 'environment' ORDER BY "ar_internal_metadata"."key" ASC LIMIT 1 /*application='ForgeFitnessApp'*/[0m
Migrating to CreateMovements (20260620154908)
  [1m[36mTRANSACTION (0.1ms)[0m  [1m[35mBEGIN /*application='ForgeFitnessApp'*/[0m
  [1m[35m (27.5ms)[0m  [1m[35mCREATE TABLE "movements" ("id" bigserial primary key, "name" character varying, "current_cue" text, "progression_rule" text, "notes" text, "created_at" timestamp(6) NOT NULL, "updated_at" timestamp(6) NOT NULL) /*application='ForgeFitnessApp'*/[0m
  [1m[36mActiveRecord::SchemaMigration Create (1.4ms)[0m  [1m[32mINSERT INTO "schema_migrations" ("version") VALUES ('20260620154908') RETURNING "version" /*application='ForgeFitnessApp'*/[0m
  [1m[36mTRANSACTION (0.7ms)[0m  [1m[35mCOMMIT /*application='ForgeFitnessApp'*/[0m
  [1m[35m (0.4ms)[0m  [1m[34mSELECT pg_advisory_unlock(6976097480736536775) /*application='ForgeFitnessApp'*/[0m
  [1m[36mActiveRecord::SchemaMigration Load (0.2ms)[0m  [1m[34mSELECT "schema_migrations"."version" FROM "schema_migrations" ORDER BY "schema_migrations"."version" ASC /*application='ForgeFitnessApp'*/[0m
  [1m[35mSQL (0.1ms)[0m  [1m[35mSET search_path TO public /*application='ForgeFitnessApp'*/[0m
  [1m[35mSQL (0.1ms)[0m  [1m[35mSET search_path TO "$user", public /*application='ForgeFitnessApp'*/[0m
  [1m[35mSQL (0.1ms)[0m  [1m[35mSET search_path TO public /*application='ForgeFitnessApp'*/[0m
  [1m[35mSQL (0.1ms)[0m  [1m[35mSET search_path TO "$user", public /*application='ForgeFitnessApp'*/[0m
Started GET "/movements" for ::1 at 2026-06-20 08:50:55 -0700
  [1m[36mActiveRecord::SchemaMigration Load (1.7ms)[0m  [1m[34mSELECT "schema_migrations"."version" FROM "schema_migrations" ORDER BY "schema_migrations"."version" ASC /*application='ForgeFitnessApp'*/[0m
Processing by MovementsController#index as HTML
  Rendering layout layouts/application.html.erb
  Rendering movements/index.html.erb within layouts/application
  [1m[36mMovement Exists? (1.2ms)[0m  [1m[34mSELECT 1 AS one FROM "movements" LIMIT 1 /*action='index',application='ForgeFitnessApp',controller='movements'*/[0m
  ↳ app/views/movements/index.html.erb:15
  Rendered movements/index.html.erb within layouts/application (Duration: 32.6ms | GC: 0.0ms)
  Rendered layout layouts/application.html.erb (Duration: 36.4ms | GC: 0.0ms)
Completed 200 OK in 48ms (Views: 23.4ms | ActiveRecord: 14.6ms (1 query, 0 cached) | GC: 0.1ms)


Started GET "/movements/new" for ::1 at 2026-06-20 08:51:25 -0700
Processing by MovementsController#new as HTML
  Rendering layout layouts/application.html.erb
  Rendering movements/new.html.erb within layouts/application
  Rendered movements/_form.html.erb (Duration: 18.5ms | GC: 0.0ms)
  Rendered movements/new.html.erb within layouts/application (Duration: 20.3ms | GC: 0.0ms)
  Rendered layout layouts/application.html.erb (Duration: 20.9ms | GC: 0.0ms)
Completed 200 OK in 40ms (Views: 21.5ms | ActiveRecord: 5.9ms (0 queries, 0 cached) | GC: 0.0ms)


Started POST "/movements" for ::1 at 2026-06-20 08:52:31 -0700
Processing by MovementsController#create as HTML
  Parameters: {"authenticity_token" => "[FILTERED]", "movement" => {"name" => "Back Squat", "current_cue" => "Traps into bar. Keep going lower than you think.", "progression_rule" => "Own 205 × 5×3 before moving up.\r\n", "notes" => "Goal is a high-quality path toward a 315 squat. Prioritize depth, upper-back tightness, and repeatable form over rushing weight increases."}, "commit" => "Create Movement"}
  [1m[36mTRANSACTION (0.6ms)[0m  [1m[35mBEGIN /*action='create',application='ForgeFitnessApp',controller='movements'*/[0m
  ↳ app/controllers/movements_controller.rb:27:in 'block in MovementsController#create'
  [1m[36mMovement Create (137.5ms)[0m  [1m[32mINSERT INTO "movements" ("name", "current_cue", "progression_rule", "notes", "created_at", "updated_at") VALUES ('Back Squat', 'Traps into bar. Keep going lower than you think.', 'Own 205 × 5×3 before moving up.
', 'Goal is a high-quality path toward a 315 squat. Prioritize depth, upper-back tightness, and repeatable form over rushing weight increases.', '2026-06-20 15:52:31.420376', '2026-06-20 15:52:31.420376') RETURNING "id" /*action='create',application='ForgeFitnessApp',controller='movements'*/[0m
  ↳ app/controllers/movements_controller.rb:27:in 'block in MovementsController#create'
  [1m[36mTRANSACTION (0.9ms)[0m  [1m[35mCOMMIT /*action='create',application='ForgeFitnessApp',controller='movements'*/[0m
  ↳ app/controllers/movements_controller.rb:27:in 'block in MovementsController#create'
Redirected to http://localhost:3000/movements/1
↳ app/controllers/movements_controller.rb:28:in 'block (2 levels) in MovementsController#create'
Completed 302 Found in 147ms (ActiveRecord: 139.0ms (1 query, 0 cached) | GC: 0.0ms)


Started GET "/movements/1" for ::1 at 2026-06-20 08:52:31 -0700
Processing by MovementsController#show as HTML
  Parameters: {"id" => "1"}
  [1m[36mMovement Load (1.5ms)[0m  [1m[34mSELECT "movements".* FROM "movements" WHERE "movements"."id" = 1 LIMIT 1 /*action='show',application='ForgeFitnessApp',controller='movements'*/[0m
  ↳ app/controllers/movements_controller.rb:63:in 'MovementsController#set_movement'
  Rendering layout layouts/application.html.erb
  Rendering movements/show.html.erb within layouts/application
  Rendered movements/_movement.html.erb (Duration: 0.6ms | GC: 0.0ms)
  Rendered movements/show.html.erb within layouts/application (Duration: 4.5ms | GC: 0.0ms)
  Rendered layout layouts/application.html.erb (Duration: 5.7ms | GC: 0.0ms)
Completed 200 OK in 14ms (Views: 6.3ms | ActiveRecord: 1.5ms (1 query, 0 cached) | GC: 0.0ms)


Started GET "/movements" for ::1 at 2026-06-20 08:52:55 -0700
Processing by MovementsController#index as HTML
  Rendering layout layouts/application.html.erb
  Rendering movements/index.html.erb within layouts/application
  [1m[36mMovement Exists? (0.7ms)[0m  [1m[34mSELECT 1 AS one FROM "movements" LIMIT 1 /*action='index',application='ForgeFitnessApp',controller='movements'*/[0m
  ↳ app/views/movements/index.html.erb:15
  [1m[36mMovement Load (0.5ms)[0m  [1m[34mSELECT "movements".* FROM "movements" /*action='index',application='ForgeFitnessApp',controller='movements'*/[0m
  ↳ app/views/movements/index.html.erb:16
  Rendered movements/_movement.html.erb (Duration: 0.1ms | GC: 0.0ms)
  Rendered movements/index.html.erb within layouts/application (Duration: 5.6ms | GC: 0.0ms)
  Rendered layout layouts/application.html.erb (Duration: 7.0ms | GC: 0.0ms)
Completed 200 OK in 9ms (Views: 6.5ms | ActiveRecord: 1.2ms (2 queries, 0 cached) | GC: 0.0ms)


Started GET "/movements/new" for ::1 at 2026-06-20 08:53:07 -0700
Processing by MovementsController#new as HTML
  Rendering layout layouts/application.html.erb
  Rendering movements/new.html.erb within layouts/application
  Rendered movements/_form.html.erb (Duration: 2.2ms | GC: 0.0ms)
  Rendered movements/new.html.erb within layouts/application (Duration: 2.5ms | GC: 0.0ms)
  Rendered layout layouts/application.html.erb (Duration: 4.0ms | GC: 0.0ms)
Completed 200 OK in 6ms (Views: 4.8ms | ActiveRecord: 0.0ms (0 queries, 0 cached) | GC: 0.0ms)


Started POST "/movements" for ::1 at 2026-06-20 08:54:33 -0700
Processing by MovementsController#create as HTML
  Parameters: {"authenticity_token" => "[FILTERED]", "movement" => {"name" => "Bench Press", "current_cue" => "Focus on Leg Drive", "progression_rule" => "Own 145 3X8", "notes" => "Goal is a high-quality path toward a 315 squat. Prioritize depth, upper-back tightness, and repeatable form over rushing weight increases."}, "commit" => "Create Movement"}
  [1m[36mTRANSACTION (0.4ms)[0m  [1m[35mBEGIN /*action='create',application='ForgeFitnessApp',controller='movements'*/[0m
  ↳ app/controllers/movements_controller.rb:27:in 'block in MovementsController#create'
  [1m[36mMovement Create (2.2ms)[0m  [1m[32mINSERT INTO "movements" ("name", "current_cue", "progression_rule", "notes", "created_at", "updated_at") VALUES ('Bench Press', 'Focus on Leg Drive', 'Own 145 3X8', 'Goal is a high-quality path toward a 315 squat. Prioritize depth, upper-back tightness, and repeatable form over rushing weight increases.', '2026-06-20 15:54:33.962948', '2026-06-20 15:54:33.962948') RETURNING "id" /*action='create',application='ForgeFitnessApp',controller='movements'*/[0m
  ↳ app/controllers/movements_controller.rb:27:in 'block in MovementsController#create'
  [1m[36mTRANSACTION (0.4ms)[0m  [1m[35mCOMMIT /*action='create',application='ForgeFitnessApp',controller='movements'*/[0m
  ↳ app/controllers/movements_controller.rb:27:in 'block in MovementsController#create'
Redirected to http://localhost:3000/movements/2
↳ app/controllers/movements_controller.rb:28:in 'block (2 levels) in MovementsController#create'
Completed 302 Found in 8ms (ActiveRecord: 2.9ms (1 query, 0 cached) | GC: 0.0ms)


Started GET "/movements/2" for ::1 at 2026-06-20 08:54:33 -0700
Processing by MovementsController#show as HTML
  Parameters: {"id" => "2"}
  [1m[36mMovement Load (0.6ms)[0m  [1m[34mSELECT "movements".* FROM "movements" WHERE "movements"."id" = 2 LIMIT 1 /*action='show',application='ForgeFitnessApp',controller='movements'*/[0m
  ↳ app/controllers/movements_controller.rb:63:in 'MovementsController#set_movement'
  Rendering layout layouts/application.html.erb
  Rendering movements/show.html.erb within layouts/application
  Rendered movements/_movement.html.erb (Duration: 0.1ms | GC: 0.0ms)
  Rendered movements/show.html.erb within layouts/application (Duration: 0.9ms | GC: 0.0ms)
  Rendered layout layouts/application.html.erb (Duration: 1.8ms | GC: 0.0ms)
Completed 200 OK in 5ms (Views: 2.3ms | ActiveRecord: 0.6ms (1 query, 0 cached) | GC: 0.0ms)


Started GET "/movements" for ::1 at 2026-06-20 08:54:37 -0700
Processing by MovementsController#index as HTML
  Rendering layout layouts/application.html.erb
  Rendering movements/index.html.erb within layouts/application
  [1m[36mMovement Exists? (0.4ms)[0m  [1m[34mSELECT 1 AS one FROM "movements" LIMIT 1 /*action='index',application='ForgeFitnessApp',controller='movements'*/[0m
  ↳ app/views/movements/index.html.erb:15
  [1m[36mMovement Load (0.4ms)[0m  [1m[34mSELECT "movements".* FROM "movements" /*action='index',application='ForgeFitnessApp',controller='movements'*/[0m
  ↳ app/views/movements/index.html.erb:16
  Rendered movements/_movement.html.erb (Duration: 0.1ms | GC: 0.0ms)
  Rendered movements/_movement.html.erb (Duration: 0.1ms | GC: 0.0ms)
  Rendered movements/index.html.erb within layouts/application (Duration: 5.6ms | GC: 0.0ms)
  Rendered layout layouts/application.html.erb (Duration: 7.0ms | GC: 0.0ms)
Completed 200 OK in 9ms (Views: 6.6ms | ActiveRecord: 0.8ms (2 queries, 0 cached) | GC: 0.0ms)


Started GET "/movements" for ::1 at 2026-06-20 08:59:22 -0700
Processing by MovementsController#index as HTML
  Rendering layout layouts/application.html.erb
  Rendering movements/index.html.erb within layouts/application
  [1m[36mMovement Exists? (0.4ms)[0m  [1m[34mSELECT 1 AS one FROM "movements" LIMIT 1 /*action='index',application='ForgeFitnessApp',controller='movements'*/[0m
  ↳ app/views/movements/index.html.erb:25
  [1m[36mMovement Load (0.4ms)[0m  [1m[34mSELECT "movements".* FROM "movements" /*action='index',application='ForgeFitnessApp',controller='movements'*/[0m
  ↳ app/views/movements/index.html.erb:27
  Rendered movements/index.html.erb within layouts/application (Duration: 19.8ms | GC: 2.4ms)
  Rendered layout layouts/application.html.erb (Duration: 25.0ms | GC: 6.6ms)
Completed 200 OK in 30ms (Views: 14.0ms | ActiveRecord: 13.2ms (2 queries, 0 cached) | GC: 7.1ms)


Started GET "/movements" for ::1 at 2026-06-20 09:02:30 -0700
Processing by MovementsController#index as HTML
  Rendering layout layouts/application.html.erb
  Rendering movements/index.html.erb within layouts/application
  [1m[36mMovement Exists? (0.3ms)[0m  [1m[34mSELECT 1 AS one FROM "movements" LIMIT 1 /*action='index',application='ForgeFitnessApp',controller='movements'*/[0m
  ↳ app/views/movements/index.html.erb:25
  [1m[36mMovement Load (0.8ms)[0m  [1m[34mSELECT "movements".* FROM "movements" /*action='index',application='ForgeFitnessApp',controller='movements'*/[0m
  ↳ app/views/movements/index.html.erb:27
  Rendered movements/index.html.erb within layouts/application (Duration: 92.2ms | GC: 0.4ms)
  Rendered layout layouts/application.html.erb (Duration: 94.4ms | GC: 0.4ms)
Completed 200 OK in 98ms (Views: 11.7ms | ActiveRecord: 83.6ms (2 queries, 0 cached) | GC: 0.8ms)


Started GET "/movements" for ::1 at 2026-06-20 09:02:42 -0700
Processing by MovementsController#index as HTML
  Rendering layout layouts/application.html.erb
  Rendering movements/index.html.erb within layouts/application
  [1m[36mMovement Exists? (0.5ms)[0m  [1m[34mSELECT 1 AS one FROM "movements" LIMIT 1 /*action='index',application='ForgeFitnessApp',controller='movements'*/[0m
  ↳ app/views/movements/index.html.erb:25
  [1m[36mMovement Load (0.3ms)[0m  [1m[34mSELECT "movements".* FROM "movements" /*action='index',application='ForgeFitnessApp',controller='movements'*/[0m
  ↳ app/views/movements/index.html.erb:27
  Rendered movements/index.html.erb within layouts/application (Duration: 3.5ms | GC: 0.0ms)
  Rendered layout layouts/application.html.erb (Duration: 4.6ms | GC: 0.0ms)
Completed 200 OK in 8ms (Views: 4.4ms | ActiveRecord: 0.8ms (2 queries, 0 cached) | GC: 1.1ms)


Started GET "/favicon.ico" for ::1 at 2026-06-20 09:02:43 -0700
  
ActionController::RoutingError (No route matches [GET] "/favicon.ico"):
  
Started GET "/movements" for ::1 at 2026-06-20 09:03:15 -0700
Processing by MovementsController#index as HTML
  Rendering layout layouts/application.html.erb
  Rendering movements/index.html.erb within layouts/application
  [1m[36mMovement Exists? (0.6ms)[0m  [1m[34mSELECT 1 AS one FROM "movements" LIMIT 1 /*action='index',application='ForgeFitnessApp',controller='movements'*/[0m
  ↳ app/views/movements/index.html.erb:25
  [1m[36mMovement Load (0.2ms)[0m  [1m[34mSELECT "movements".* FROM "movements" /*action='index',application='ForgeFitnessApp',controller='movements'*/[0m
  ↳ app/views/movements/index.html.erb:27
  Rendered movements/index.html.erb within layouts/application (Duration: 3.0ms | GC: 0.0ms)
  Rendered layout layouts/application.html.erb (Duration: 3.8ms | GC: 0.0ms)
Completed 200 OK in 5ms (Views: 3.4ms | ActiveRecord: 0.8ms (2 queries, 0 cached) | GC: 0.0ms)


Started GET "/favicon.ico" for ::1 at 2026-06-20 09:03:15 -0700
  
ActionController::RoutingError (No route matches [GET] "/favicon.ico"):
  
Started GET "/.well-known/appspecific/com.chrome.devtools.json" for ::1 at 2026-06-20 09:03:20 -0700
  
ActionController::RoutingError (No route matches [GET] "/.well-known/appspecific/com.chrome.devtools.json"):
  
Started GET "/movements" for ::1 at 2026-06-20 09:06:32 -0700
Processing by MovementsController#index as HTML
  Rendering layout layouts/application.html.erb
  Rendering movements/index.html.erb within layouts/application
  [1m[36mMovement Exists? (0.2ms)[0m  [1m[34mSELECT 1 AS one FROM "movements" LIMIT 1 /*action='index',application='ForgeFitnessApp',controller='movements'*/[0m
  ↳ app/views/movements/index.html.erb:25
  [1m[36mMovement Load (0.2ms)[0m  [1m[34mSELECT "movements".* FROM "movements" /*action='index',application='ForgeFitnessApp',controller='movements'*/[0m
  ↳ app/views/movements/index.html.erb:27
  Rendered movements/index.html.erb within layouts/application (Duration: 13.2ms | GC: 0.0ms)
  Rendered layout layouts/application.html.erb (Duration: 14.2ms | GC: 0.0ms)
Completed 200 OK in 18ms (Views: 5.9ms | ActiveRecord: 9.4ms (2 queries, 0 cached) | GC: 0.0ms)


Started GET "/.well-known/appspecific/com.chrome.devtools.json" for ::1 at 2026-06-20 09:06:32 -0700
  
ActionController::RoutingError (No route matches [GET] "/.well-known/appspecific/com.chrome.devtools.json"):
  
Started GET "/favicon.ico" for ::1 at 2026-06-20 09:06:32 -0700
  
ActionController::RoutingError (No route matches [GET] "/favicon.ico"):
  
Started GET "/movements" for ::1 at 2026-06-20 09:08:23 -0700
Processing by MovementsController#index as HTML
  Rendering layout layouts/application.html.erb
  Rendering movements/index.html.erb within layouts/application
  Rendered movements/index.html.erb within layouts/application (Duration: 0.5ms | GC: 0.0ms)
  Rendered layout layouts/application.html.erb (Duration: 0.6ms | GC: 0.0ms)
Completed 500 Internal Server Error in 4ms (ActiveRecord: 0.0ms (0 queries, 0 cached) | GC: 0.0ms)


  
ActionView::Template::Error (undefined local variable or method 'movement' for an instance of #<Class:0x00000001218fbae8>)
Caused by: NameError (undefined local variable or method 'movement' for an instance of #<Class:0x00000001218fbae8>)

Information for: ActionView::Template::Error (undefined local variable or method 'movement' for an instance of #<Class:0x00000001218fbae8>):
    4:       <p class="text-xs font-bold uppercase tracking-[0.18em] text-zinc-500">Movement</p>
    5:       <h2 class="mt-2 text-2xl font-black tracking-tight text-white">
    6:         <%= movement.name %>
    7:       </h2>
    8:     </div>
    9: 
   10:     <%= link_to "View",
  
app/views/movements/index.html.erb:7

Information for cause: NameError (undefined local variable or method 'movement' for an instance of #<Class:0x00000001218fbae8>):
  
app/views/movements/index.html.erb:7
Started GET "/favicon.ico" for ::1 at 2026-06-20 09:08:24 -0700
  
ActionController::RoutingError (No route matches [GET] "/favicon.ico"):
  
Started GET "/movements" for ::1 at 2026-06-20 09:09:10 -0700
Processing by MovementsController#index as HTML
  Rendering layout layouts/application.html.erb
  Rendering movements/index.html.erb within layouts/application
  [1m[36mMovement Exists? (0.5ms)[0m  [1m[34mSELECT 1 AS one FROM "movements" LIMIT 1 /*action='index',application='ForgeFitnessApp',controller='movements'*/[0m
  ↳ app/views/movements/index.html.erb:25
  [1m[36mMovement Load (0.4ms)[0m  [1m[34mSELECT "movements".* FROM "movements" /*action='index',application='ForgeFitnessApp',controller='movements'*/[0m
  ↳ app/views/movements/index.html.erb:27
  Rendered movements/index.html.erb within layouts/application (Duration: 11.8ms | GC: 0.0ms)
  Rendered layout layouts/application.html.erb (Duration: 12.5ms | GC: 0.0ms)
Completed 200 OK in 14ms (Views: 3.7ms | ActiveRecord: 9.4ms (2 queries, 0 cached) | GC: 0.1ms)


Started GET "/favicon.ico" for ::1 at 2026-06-20 09:09:10 -0700
  
ActionController::RoutingError (No route matches [GET] "/favicon.ico"):
  
Started GET "/.well-known/appspecific/com.chrome.devtools.json" for ::1 at 2026-06-20 09:09:28 -0700
  
ActionController::RoutingError (No route matches [GET] "/.well-known/appspecific/com.chrome.devtools.json"):
  
Started GET "/movements" for ::1 at 2026-06-20 09:13:06 -0700
Processing by MovementsController#index as HTML
  Rendering layout layouts/application.html.erb
  Rendering movements/index.html.erb within layouts/application
  [1m[36mMovement Exists? (0.8ms)[0m  [1m[34mSELECT 1 AS one FROM "movements" LIMIT 1 /*action='index',application='ForgeFitnessApp',controller='movements'*/[0m
  ↳ app/views/movements/index.html.erb:25
  [1m[36mMovement Load (0.3ms)[0m  [1m[34mSELECT "movements".* FROM "movements" /*action='index',application='ForgeFitnessApp',controller='movements'*/[0m
  ↳ app/views/movements/index.html.erb:27
  Rendered movements/index.html.erb within layouts/application (Duration: 6.0ms | GC: 0.0ms)
  Rendered layout layouts/application.html.erb (Duration: 8.3ms | GC: 0.1ms)
Completed 200 OK in 12ms (Views: 8.2ms | ActiveRecord: 1.1ms (2 queries, 0 cached) | GC: 0.1ms)


Started GET "/.well-known/appspecific/com.chrome.devtools.json" for ::1 at 2026-06-20 09:13:06 -0700
  
ActionController::RoutingError (No route matches [GET] "/.well-known/appspecific/com.chrome.devtools.json"):
  
Started GET "/favicon.ico" for ::1 at 2026-06-20 09:13:06 -0700
  
ActionController::RoutingError (No route matches [GET] "/favicon.ico"):
  
Started GET "/movements" for ::1 at 2026-06-20 09:13:55 -0700
  [1m[36mActiveRecord::SchemaMigration Load (1.2ms)[0m  [1m[34mSELECT "schema_migrations"."version" FROM "schema_migrations" ORDER BY "schema_migrations"."version" ASC /*application='ForgeFitnessApp'*/[0m
Processing by MovementsController#index as HTML
  Rendering layout layouts/application.html.erb
  Rendering movements/index.html.erb within layouts/application
  [1m[36mMovement Exists? (0.2ms)[0m  [1m[34mSELECT 1 AS one FROM "movements" LIMIT 1 /*action='index',application='ForgeFitnessApp',controller='movements'*/[0m
  ↳ app/views/movements/index.html.erb:25
  [1m[36mMovement Load (0.1ms)[0m  [1m[34mSELECT "movements".* FROM "movements" /*action='index',application='ForgeFitnessApp',controller='movements'*/[0m
  ↳ app/views/movements/index.html.erb:27
  Rendered movements/index.html.erb within layouts/application (Duration: 34.1ms | GC: 0.0ms)
  Rendered layout layouts/application.html.erb (Duration: 36.7ms | GC: 0.0ms)
Completed 200 OK in 46ms (Views: 23.3ms | ActiveRecord: 14.7ms (2 queries, 0 cached) | GC: 0.2ms)


Started GET "/.well-known/appspecific/com.chrome.devtools.json" for ::1 at 2026-06-20 09:13:55 -0700
  
ActionController::RoutingError (No route matches [GET] "/.well-known/appspecific/com.chrome.devtools.json"):
  
